android/app/build/intermediates/manifest_merge_blame_file/debug/manifest-merger-blame-debug-report.txt
1<?xml version="1.0" encoding="utf-8"?>
2<manifest xmlns:android="http://schemas.android.com/apk/res/android"
3    package="com.jcndev.delivery.app"
4    android:versionCode="1"
5    android:versionName="1.0.0" >
6
7    <uses-sdk
8        android:minSdkVersion="21"
9        android:targetSdkVersion="30" />
10    <!--
11         Flutter needs it to communicate with the running application
12         to allow setting breakpoints, to provide hot reload, etc.
13    -->
14    <uses-permission android:name="android.permission.INTERNET" />
14-->src\main\AndroidManifest.xml:4:5-67
14-->src\main\AndroidManifest.xml:4:22-64
15    <uses-permission android:name="android.permission.READ_PHONE_STATE" />
15-->src\main\AndroidManifest.xml:5:5-74
15-->src\main\AndroidManifest.xml:5:22-72
16    <uses-permission android:name="android.permission.WAKE_LOCK" />
16-->[:firebase_messaging] AndroidManifest.xml:8:5-68
16-->[:firebase_messaging] AndroidManifest.xml:8:22-65
17    <uses-permission android:name="android.permission.ACCESS_NETWORK_STATE" />
17-->[:firebase_messaging] AndroidManifest.xml:9:5-79
17-->[:firebase_messaging] AndroidManifest.xml:9:22-76
18    <uses-permission android:name="android.permission.RECEIVE_BOOT_COMPLETED" />
18-->[:flutter_local_notifications] AndroidManifest.xml:7:5-81
18-->[:flutter_local_notifications] AndroidManifest.xml:7:22-78
19    <uses-permission android:name="android.permission.VIBRATE" />
19-->[:flutter_local_notifications] AndroidManifest.xml:8:5-66
19-->[:flutter_local_notifications] AndroidManifest.xml:8:22-63
20    <uses-permission android:name="android.permission.USE_FULL_SCREEN_INTENT" />
20-->[:flutter_local_notifications] AndroidManifest.xml:9:5-81
20-->[:flutter_local_notifications] AndroidManifest.xml:9:22-78
21    <uses-permission android:name="android.permission.ACCESS_COARSE_LOCATION" />
21-->[:location] AndroidManifest.xml:7:5-81
21-->[:location] AndroidManifest.xml:7:22-78
22    <uses-permission android:name="android.permission.ACCESS_FINE_LOCATION" /> <!-- Required by older versions of Google Play services to create IID tokens -->
22-->[:location] AndroidManifest.xml:8:5-79
22-->[:location] AndroidManifest.xml:8:22-76
23    <uses-permission android:name="com.google.android.c2dm.permission.RECEIVE" />
23-->[com.google.firebase:firebase-messaging:22.0.0] AndroidManifest.xml:25:5-82
23-->[com.google.firebase:firebase-messaging:22.0.0] AndroidManifest.xml:25:22-79
24
25    <uses-feature
25-->[com.google.android.gms:play-services-maps:17.0.0] AndroidManifest.xml:26:5-28:35
26        android:glEsVersion="0x00020000"
26-->[com.google.android.gms:play-services-maps:17.0.0] AndroidManifest.xml:27:9-41
27        android:required="true" />
27-->[com.google.android.gms:play-services-maps:17.0.0] AndroidManifest.xml:28:9-32
28
29    <uses-permission android:name="com.google.android.finsky.permission.BIND_GET_INSTALL_REFERRER_SERVICE" />
29-->[com.android.installreferrer:installreferrer:1.0] AndroidManifest.xml:9:5-110
29-->[com.android.installreferrer:installreferrer:1.0] AndroidManifest.xml:9:22-107
30
31    <application
31-->src\main\AndroidManifest.xml:7:4-74:19
32        android:appComponentFactory="androidx.core.app.CoreComponentFactory"
32-->[androidx.core:core:1.3.2] AndroidManifest.xml:24:18-86
33        android:debuggable="true"
34        android:icon="@mipmap/launcher_icon"
34-->src\main\AndroidManifest.xml:9:9-45
35        android:label="MIKUNA"
35-->src\main\AndroidManifest.xml:8:9-31
36        android:supportsRtl="true"
36-->[com.facebook.android:facebook-login:11.0.0] AndroidManifest.xml:28:18-44
37        android:usesCleartextTraffic="true" >
37-->src\main\AndroidManifest.xml:10:9-44
38        <activity
38-->src\main\AndroidManifest.xml:12:9-45:20
39            android:name="com.jcndev.delivery.app.MainActivity"
39-->src\main\AndroidManifest.xml:13:13-41
40            android:configChanges="orientation|keyboardHidden|keyboard|screenSize|smallestScreenSize|locale|layoutDirection|fontScale|screenLayout|density|uiMode"
40-->src\main\AndroidManifest.xml:16:13-163
41            android:hardwareAccelerated="true"
41-->src\main\AndroidManifest.xml:17:13-47
42            android:launchMode="singleTop"
42-->src\main\AndroidManifest.xml:14:13-43
43            android:theme="@style/LaunchTheme"
43-->src\main\AndroidManifest.xml:15:13-47
44            android:windowSoftInputMode="adjustResize" >
44-->src\main\AndroidManifest.xml:18:13-55
45
46            <!--
47                 Specifies an Android theme to apply to this Activity as soon as
48                 the Android process has started. This theme is visible to the user
49                 while the Flutter UI initializes. After that, this theme continues
50                 to determine the Window background behind the Flutter UI.
51            -->
52            <meta-data
52-->src\main\AndroidManifest.xml:23:13-26:17
53                android:name="io.flutter.embedding.android.NormalTheme"
53-->src\main\AndroidManifest.xml:24:15-70
54                android:resource="@style/NormalTheme" />
54-->src\main\AndroidManifest.xml:25:15-52
55            <!--
56                 Displays an Android View that continues showing the launch screen
57                 Drawable until Flutter paints its first frame, then this splash
58                 screen fades out. A splash screen is useful to avoid any visual
59                 gap between the end of Android's launch screen and the painting of
60                 Flutter's first frame.
61            -->
62            <meta-data
62-->src\main\AndroidManifest.xml:32:13-35:17
63                android:name="io.flutter.embedding.android.SplashScreenDrawable"
63-->src\main\AndroidManifest.xml:33:15-79
64                android:resource="@drawable/launch_background" />
64-->src\main\AndroidManifest.xml:34:15-61
65
66            <intent-filter>
66-->src\main\AndroidManifest.xml:41:13-44:29
67                <action android:name="android.intent.action.MAIN" />
67-->src\main\AndroidManifest.xml:42:17-68
67-->src\main\AndroidManifest.xml:42:25-66
68
69                <category android:name="android.intent.category.LAUNCHER" />
69-->src\main\AndroidManifest.xml:43:17-76
69-->src\main\AndroidManifest.xml:43:27-74
70            </intent-filter>
71        </activity>
72
73        <meta-data
73-->src\main\AndroidManifest.xml:47:10-48:54
74            android:name="com.facebook.sdk.ApplicationId"
74-->src\main\AndroidManifest.xml:47:21-66
75            android:value="@string/facebook_app_id" />
75-->src\main\AndroidManifest.xml:48:13-52
76
77        <activity
77-->src\main\AndroidManifest.xml:50:9-53:48
78            android:name="com.facebook.FacebookActivity"
78-->src\main\AndroidManifest.xml:50:19-63
79            android:configChanges="keyboard|keyboardHidden|screenLayout|screenSize|orientation"
79-->src\main\AndroidManifest.xml:51:13-114
80            android:label="@string/app_name"
80-->src\main\AndroidManifest.xml:53:13-45
81            android:theme="@style/com_facebook_activity_theme" />
81-->[com.facebook.android:facebook-common:11.0.0] AndroidManifest.xml:33:13-63
82        <activity
82-->src\main\AndroidManifest.xml:55:9-64:20
83            android:name="com.facebook.CustomTabActivity"
83-->src\main\AndroidManifest.xml:56:13-58
84            android:exported="true" >
84-->src\main\AndroidManifest.xml:57:13-36
85            <intent-filter>
85-->src\main\AndroidManifest.xml:58:13-63:29
86                <action android:name="android.intent.action.VIEW" />
86-->src\main\AndroidManifest.xml:59:17-69
86-->src\main\AndroidManifest.xml:59:25-66
87
88                <category android:name="android.intent.category.DEFAULT" />
88-->src\main\AndroidManifest.xml:60:17-76
88-->src\main\AndroidManifest.xml:60:27-73
89                <category android:name="android.intent.category.BROWSABLE" />
89-->src\main\AndroidManifest.xml:61:17-78
89-->src\main\AndroidManifest.xml:61:27-75
90
91                <data android:scheme="@string/fb_login_protocol_scheme" />
91-->src\main\AndroidManifest.xml:62:17-75
91-->src\main\AndroidManifest.xml:62:23-72
92            </intent-filter>
93            <intent-filter>
93-->[com.facebook.android:facebook-common:11.0.0] AndroidManifest.xml:39:13-48:29
94                <action android:name="android.intent.action.VIEW" />
94-->src\main\AndroidManifest.xml:59:17-69
94-->src\main\AndroidManifest.xml:59:25-66
95
96                <category android:name="android.intent.category.DEFAULT" />
96-->src\main\AndroidManifest.xml:60:17-76
96-->src\main\AndroidManifest.xml:60:27-73
97                <category android:name="android.intent.category.BROWSABLE" />
97-->src\main\AndroidManifest.xml:61:17-78
97-->src\main\AndroidManifest.xml:61:27-75
98
99                <data
99-->src\main\AndroidManifest.xml:62:17-75
100                    android:host="cct.com.jcndev.delivery.app"
101                    android:scheme="fbconnect" />
101-->src\main\AndroidManifest.xml:62:23-72
102            </intent-filter>
103        </activity>
104        <!--
105             Don't delete the meta-data below.
106             This is used by the Flutter tool to generate GeneratedPluginRegistrant.java
107        -->
108        <meta-data
108-->src\main\AndroidManifest.xml:67:9-69:33
109            android:name="flutterEmbedding"
109-->src\main\AndroidManifest.xml:68:13-44
110            android:value="2" />
110-->src\main\AndroidManifest.xml:69:13-30
111        <meta-data
111-->src\main\AndroidManifest.xml:71:9-72:73
112            android:name="com.google.android.geo.API_KEY"
112-->src\main\AndroidManifest.xml:71:20-65
113            android:value="AIzaSyC4OOdcp9vzC2mpbqI6G7LHNonE5zAHtJI" />
113-->src\main\AndroidManifest.xml:72:16-71
114
115        <provider
115-->[:image_picker] AndroidManifest.xml:8:9-16:20
116            android:name="io.flutter.plugins.imagepicker.ImagePickerFileProvider"
116-->[:image_picker] AndroidManifest.xml:9:13-82
117            android:authorities="com.jcndev.delivery.app.flutter.image_provider"
117-->[:image_picker] AndroidManifest.xml:10:13-74
118            android:exported="false"
118-->[:image_picker] AndroidManifest.xml:11:13-37
119            android:grantUriPermissions="true" >
119-->[:image_picker] AndroidManifest.xml:12:13-47
120            <meta-data
120-->[:image_picker] AndroidManifest.xml:13:13-15:75
121                android:name="android.support.FILE_PROVIDER_PATHS"
121-->[:image_picker] AndroidManifest.xml:14:17-67
122                android:resource="@xml/flutter_image_picker_file_paths" />
122-->[:image_picker] AndroidManifest.xml:15:17-72
123        </provider>
124
125        <service
125-->[:firebase_messaging] AndroidManifest.xml:12:9-15:72
126            android:name="io.flutter.plugins.firebase.messaging.FlutterFirebaseMessagingBackgroundService"
126-->[:firebase_messaging] AndroidManifest.xml:13:13-107
127            android:exported="false"
127-->[:firebase_messaging] AndroidManifest.xml:14:13-37
128            android:permission="android.permission.BIND_JOB_SERVICE" />
128-->[:firebase_messaging] AndroidManifest.xml:15:13-69
129        <service
129-->[:firebase_messaging] AndroidManifest.xml:16:9-22:19
130            android:name="io.flutter.plugins.firebase.messaging.FlutterFirebaseMessagingService"
130-->[:firebase_messaging] AndroidManifest.xml:17:13-97
131            android:exported="false" >
131-->[:firebase_messaging] AndroidManifest.xml:18:13-37
132            <intent-filter>
132-->[:firebase_messaging] AndroidManifest.xml:19:13-21:29
133                <action android:name="com.google.firebase.MESSAGING_EVENT" />
133-->[:firebase_messaging] AndroidManifest.xml:20:17-78
133-->[:firebase_messaging] AndroidManifest.xml:20:25-75
134            </intent-filter>
135        </service>
136
137        <receiver
137-->[:firebase_messaging] AndroidManifest.xml:24:9-31:20
138            android:name="io.flutter.plugins.firebase.messaging.FlutterFirebaseMessagingReceiver"
138-->[:firebase_messaging] AndroidManifest.xml:25:13-98
139            android:exported="true"
139-->[:firebase_messaging] AndroidManifest.xml:26:13-36
140            android:permission="com.google.android.c2dm.permission.SEND" >
140-->[:firebase_messaging] AndroidManifest.xml:27:13-73
141            <intent-filter>
141-->[:firebase_messaging] AndroidManifest.xml:28:13-30:29
142                <action android:name="com.google.android.c2dm.intent.RECEIVE" />
142-->[:firebase_messaging] AndroidManifest.xml:29:17-81
142-->[:firebase_messaging] AndroidManifest.xml:29:25-78
143            </intent-filter>
144        </receiver>
145
146        <service
146-->[:firebase_messaging] AndroidManifest.xml:33:9-37:19
147            android:name="com.google.firebase.components.ComponentDiscoveryService"
147-->[:firebase_messaging] AndroidManifest.xml:33:18-89
148            android:directBootAware="true"
148-->[com.google.firebase:firebase-common:20.0.0] AndroidManifest.xml:35:13-43
149            android:exported="false" >
149-->[com.google.firebase:firebase-auth:21.0.1] AndroidManifest.xml:76:13-37
150            <meta-data
150-->[:firebase_messaging] AndroidManifest.xml:34:13-36:85
151                android:name="com.google.firebase.components:io.flutter.plugins.firebase.messaging.FlutterFirebaseAppRegistrar"
151-->[:firebase_messaging] AndroidManifest.xml:35:17-128
152                android:value="com.google.firebase.components.ComponentRegistrar" />
152-->[:firebase_messaging] AndroidManifest.xml:36:17-82
153            <meta-data
153-->[:firebase_auth] AndroidManifest.xml:9:13-11:85
154                android:name="com.google.firebase.components:io.flutter.plugins.firebase.auth.FlutterFirebaseAuthRegistrar"
154-->[:firebase_auth] AndroidManifest.xml:10:17-124
155                android:value="com.google.firebase.components.ComponentRegistrar" />
155-->[:firebase_auth] AndroidManifest.xml:11:17-82
156            <meta-data
156-->[:firebase_core] AndroidManifest.xml:9:13-11:85
157                android:name="com.google.firebase.components:io.flutter.plugins.firebase.core.FlutterFirebaseCoreRegistrar"
157-->[:firebase_core] AndroidManifest.xml:10:17-124
158                android:value="com.google.firebase.components.ComponentRegistrar" />
158-->[:firebase_core] AndroidManifest.xml:11:17-82
159            <meta-data
159-->[com.google.firebase:firebase-auth:21.0.1] AndroidManifest.xml:77:13-79:85
160                android:name="com.google.firebase.components:com.google.firebase.auth.FirebaseAuthRegistrar"
160-->[com.google.firebase:firebase-auth:21.0.1] AndroidManifest.xml:78:17-109
161                android:value="com.google.firebase.components.ComponentRegistrar" />
161-->[com.google.firebase:firebase-auth:21.0.1] AndroidManifest.xml:79:17-82
162            <meta-data
162-->[com.google.firebase:firebase-messaging:22.0.0] AndroidManifest.xml:52:13-54:85
163                android:name="com.google.firebase.components:com.google.firebase.messaging.FirebaseMessagingRegistrar"
163-->[com.google.firebase:firebase-messaging:22.0.0] AndroidManifest.xml:53:17-119
164                android:value="com.google.firebase.components.ComponentRegistrar" />
164-->[com.google.firebase:firebase-messaging:22.0.0] AndroidManifest.xml:54:17-82
165            <meta-data
165-->[com.google.firebase:firebase-datatransport:18.0.0] AndroidManifest.xml:28:13-30:85
166                android:name="com.google.firebase.components:com.google.firebase.datatransport.TransportRegistrar"
166-->[com.google.firebase:firebase-datatransport:18.0.0] AndroidManifest.xml:29:17-115
167                android:value="com.google.firebase.components.ComponentRegistrar" />
167-->[com.google.firebase:firebase-datatransport:18.0.0] AndroidManifest.xml:30:17-82
168            <meta-data
168-->[com.google.firebase:firebase-installations:17.0.0] AndroidManifest.xml:18:13-20:85
169                android:name="com.google.firebase.components:com.google.firebase.installations.FirebaseInstallationsRegistrar"
169-->[com.google.firebase:firebase-installations:17.0.0] AndroidManifest.xml:19:17-127
170                android:value="com.google.firebase.components.ComponentRegistrar" />
170-->[com.google.firebase:firebase-installations:17.0.0] AndroidManifest.xml:20:17-82
171        </service>
172
173        <provider
173-->[:firebase_messaging] AndroidManifest.xml:39:9-43:38
174            android:name="io.flutter.plugins.firebase.messaging.FlutterFirebaseMessagingInitProvider"
174-->[:firebase_messaging] AndroidManifest.xml:40:13-102
175            android:authorities="com.jcndev.delivery.app.flutterfirebasemessaginginitprovider"
175-->[:firebase_messaging] AndroidManifest.xml:41:13-88
176            android:exported="false"
176-->[:firebase_messaging] AndroidManifest.xml:42:13-37
177            android:initOrder="99" />
177-->[:firebase_messaging] AndroidManifest.xml:43:13-35
178
179        <activity
179-->[:url_launcher] AndroidManifest.xml:8:9-11:74
180            android:name="io.flutter.plugins.urllauncher.WebViewActivity"
180-->[:url_launcher] AndroidManifest.xml:9:13-74
181            android:exported="false"
181-->[:url_launcher] AndroidManifest.xml:10:13-37
182            android:theme="@android:style/Theme.NoTitleBar.Fullscreen" />
182-->[:url_launcher] AndroidManifest.xml:11:13-71
183
184        <receiver android:name="com.dexterous.flutterlocalnotifications.ScheduledNotificationReceiver" />
184-->[:flutter_local_notifications] AndroidManifest.xml:12:9-106
184-->[:flutter_local_notifications] AndroidManifest.xml:12:19-103
185        <receiver android:name="com.dexterous.flutterlocalnotifications.ScheduledNotificationBootReceiver" >
185-->[:flutter_local_notifications] AndroidManifest.xml:13:9-20:20
185-->[:flutter_local_notifications] AndroidManifest.xml:13:19-107
186            <intent-filter>
186-->[:flutter_local_notifications] AndroidManifest.xml:14:13-19:29
187                <action android:name="android.intent.action.BOOT_COMPLETED" />
187-->[:flutter_local_notifications] AndroidManifest.xml:15:17-79
187-->[:flutter_local_notifications] AndroidManifest.xml:15:25-76
188                <action android:name="android.intent.action.MY_PACKAGE_REPLACED" />
188-->[:flutter_local_notifications] AndroidManifest.xml:16:17-84
188-->[:flutter_local_notifications] AndroidManifest.xml:16:25-81
189                <action android:name="android.intent.action.QUICKBOOT_POWERON" />
189-->[:flutter_local_notifications] AndroidManifest.xml:17:17-82
189-->[:flutter_local_notifications] AndroidManifest.xml:17:25-79
190                <action android:name="com.htc.intent.action.QUICKBOOT_POWERON" />
190-->[:flutter_local_notifications] AndroidManifest.xml:18:17-82
190-->[:flutter_local_notifications] AndroidManifest.xml:18:25-79
191            </intent-filter>
192        </receiver>
193
194        <service
194-->[:location] AndroidManifest.xml:11:9-15:56
195            android:name="com.lyokone.location.FlutterLocationService"
195-->[:location] AndroidManifest.xml:12:13-71
196            android:enabled="true"
196-->[:location] AndroidManifest.xml:13:13-35
197            android:exported="false"
197-->[:location] AndroidManifest.xml:14:13-37
198            android:foregroundServiceType="location" />
198-->[:location] AndroidManifest.xml:15:13-53
199
200        <activity android:name="com.facebook.CustomTabMainActivity" />
200-->[com.facebook.android:facebook-common:11.0.0] AndroidManifest.xml:34:9-71
200-->[com.facebook.android:facebook-common:11.0.0] AndroidManifest.xml:34:19-68
201        <!--
202         The initialization ContentProvider will call FacebookSdk.sdkInitialize automatically
203         with the application context. This config is merged in with the host app's manifest,
204         but there can only be one provider with the same authority activated at any given
205         point; so if the end user has two or more different apps that use Facebook SDK, only the
206         first one will be able to use the provider. To work around this problem, we use the
207         following placeholder in the authority to identify each host application as if it was
208         a completely different provider.
209        -->
210        <provider
210-->[com.facebook.android:facebook-core:11.0.0] AndroidManifest.xml:39:9-42:40
211            android:name="com.facebook.internal.FacebookInitProvider"
211-->[com.facebook.android:facebook-core:11.0.0] AndroidManifest.xml:40:13-70
212            android:authorities="com.jcndev.delivery.app.FacebookInitProvider"
212-->[com.facebook.android:facebook-core:11.0.0] AndroidManifest.xml:41:13-72
213            android:exported="false" />
213-->[com.facebook.android:facebook-core:11.0.0] AndroidManifest.xml:42:13-37
214
215        <receiver
215-->[com.facebook.android:facebook-core:11.0.0] AndroidManifest.xml:44:9-50:20
216            android:name="com.facebook.CurrentAccessTokenExpirationBroadcastReceiver"
216-->[com.facebook.android:facebook-core:11.0.0] AndroidManifest.xml:45:13-86
217            android:exported="false" >
217-->[com.facebook.android:facebook-core:11.0.0] AndroidManifest.xml:46:13-37
218            <intent-filter>
218-->[com.facebook.android:facebook-core:11.0.0] AndroidManifest.xml:47:13-49:29
219                <action android:name="com.facebook.sdk.ACTION_CURRENT_ACCESS_TOKEN_CHANGED" />
219-->[com.facebook.android:facebook-core:11.0.0] AndroidManifest.xml:48:17-95
219-->[com.facebook.android:facebook-core:11.0.0] AndroidManifest.xml:48:25-92
220            </intent-filter>
221        </receiver>
222
223        <activity
223-->[com.google.firebase:firebase-auth:21.0.1] AndroidManifest.xml:27:9-44:20
224            android:name="com.google.firebase.auth.internal.GenericIdpActivity"
224-->[com.google.firebase:firebase-auth:21.0.1] AndroidManifest.xml:28:13-80
225            android:excludeFromRecents="true"
225-->[com.google.firebase:firebase-auth:21.0.1] AndroidManifest.xml:29:13-46
226            android:exported="true"
226-->[com.google.firebase:firebase-auth:21.0.1] AndroidManifest.xml:30:13-36
227            android:launchMode="singleTask"
227-->[com.google.firebase:firebase-auth:21.0.1] AndroidManifest.xml:31:13-44
228            android:theme="@android:style/Theme.Translucent.NoTitleBar" >
228-->[com.google.firebase:firebase-auth:21.0.1] AndroidManifest.xml:32:13-72
229            <intent-filter>
229-->[com.google.firebase:firebase-auth:21.0.1] AndroidManifest.xml:33:13-43:29
230                <action android:name="android.intent.action.VIEW" />
230-->src\main\AndroidManifest.xml:59:17-69
230-->src\main\AndroidManifest.xml:59:25-66
231
232                <category android:name="android.intent.category.DEFAULT" />
232-->src\main\AndroidManifest.xml:60:17-76
232-->src\main\AndroidManifest.xml:60:27-73
233                <category android:name="android.intent.category.BROWSABLE" />
233-->src\main\AndroidManifest.xml:61:17-78
233-->src\main\AndroidManifest.xml:61:27-75
234
235                <data
235-->src\main\AndroidManifest.xml:62:17-75
236                    android:host="firebase.auth"
237                    android:path="/"
238                    android:scheme="genericidp" />
238-->src\main\AndroidManifest.xml:62:23-72
239            </intent-filter>
240        </activity>
241        <activity
241-->[com.google.firebase:firebase-auth:21.0.1] AndroidManifest.xml:45:9-62:20
242            android:name="com.google.firebase.auth.internal.RecaptchaActivity"
242-->[com.google.firebase:firebase-auth:21.0.1] AndroidManifest.xml:46:13-79
243            android:excludeFromRecents="true"
243-->[com.google.firebase:firebase-auth:21.0.1] AndroidManifest.xml:47:13-46
244            android:exported="true"
244-->[com.google.firebase:firebase-auth:21.0.1] AndroidManifest.xml:48:13-36
245            android:launchMode="singleTask"
245-->[com.google.firebase:firebase-auth:21.0.1] AndroidManifest.xml:49:13-44
246            android:theme="@android:style/Theme.Translucent.NoTitleBar" >
246-->[com.google.firebase:firebase-auth:21.0.1] AndroidManifest.xml:50:13-72
247            <intent-filter>
247-->[com.google.firebase:firebase-auth:21.0.1] AndroidManifest.xml:51:13-61:29
248                <action android:name="android.intent.action.VIEW" />
248-->src\main\AndroidManifest.xml:59:17-69
248-->src\main\AndroidManifest.xml:59:25-66
249
250                <category android:name="android.intent.category.DEFAULT" />
250-->src\main\AndroidManifest.xml:60:17-76
250-->src\main\AndroidManifest.xml:60:27-73
251                <category android:name="android.intent.category.BROWSABLE" />
251-->src\main\AndroidManifest.xml:61:17-78
251-->src\main\AndroidManifest.xml:61:27-75
252
253                <data
253-->src\main\AndroidManifest.xml:62:17-75
254                    android:host="firebase.auth"
255                    android:path="/"
256                    android:scheme="recaptcha" />
256-->src\main\AndroidManifest.xml:62:23-72
257            </intent-filter>
258        </activity>
259
260        <service
260-->[com.google.firebase:firebase-auth:21.0.1] AndroidManifest.xml:64:9-73:19
261            android:name="com.google.firebase.auth.api.fallback.service.FirebaseAuthFallbackService"
261-->[com.google.firebase:firebase-auth:21.0.1] AndroidManifest.xml:65:13-101
262            android:enabled="true"
262-->[com.google.firebase:firebase-auth:21.0.1] AndroidManifest.xml:66:13-35
263            android:exported="false" >
263-->[com.google.firebase:firebase-auth:21.0.1] AndroidManifest.xml:67:13-37
264            <intent-filter>
264-->[com.google.firebase:firebase-auth:21.0.1] AndroidManifest.xml:68:13-72:29
265                <action android:name="com.google.firebase.auth.api.gms.service.START" />
265-->[com.google.firebase:firebase-auth:21.0.1] AndroidManifest.xml:69:17-89
265-->[com.google.firebase:firebase-auth:21.0.1] AndroidManifest.xml:69:25-86
266
267                <category android:name="android.intent.category.DEFAULT" />
267-->src\main\AndroidManifest.xml:60:17-76
267-->src\main\AndroidManifest.xml:60:27-73
268            </intent-filter>
269        </service>
270
271        <receiver
271-->[com.google.firebase:firebase-messaging:22.0.0] AndroidManifest.xml:28:9-35:20
272            android:name="com.google.firebase.iid.FirebaseInstanceIdReceiver"
272-->[com.google.firebase:firebase-messaging:22.0.0] AndroidManifest.xml:29:13-78
273            android:exported="true"
273-->[com.google.firebase:firebase-messaging:22.0.0] AndroidManifest.xml:30:13-36
274            android:permission="com.google.android.c2dm.permission.SEND" >
274-->[com.google.firebase:firebase-messaging:22.0.0] AndroidManifest.xml:31:13-73
275            <intent-filter>
275-->[:firebase_messaging] AndroidManifest.xml:28:13-30:29
276                <action android:name="com.google.android.c2dm.intent.RECEIVE" />
276-->[:firebase_messaging] AndroidManifest.xml:29:17-81
276-->[:firebase_messaging] AndroidManifest.xml:29:25-78
277            </intent-filter>
278        </receiver>
279        <!--
280             FirebaseMessagingService performs security checks at runtime,
281             but set to not exported to explicitly avoid allowing another app to call it.
282        -->
283        <service
283-->[com.google.firebase:firebase-messaging:22.0.0] AndroidManifest.xml:41:9-48:19
284            android:name="com.google.firebase.messaging.FirebaseMessagingService"
284-->[com.google.firebase:firebase-messaging:22.0.0] AndroidManifest.xml:42:13-82
285            android:directBootAware="true"
285-->[com.google.firebase:firebase-messaging:22.0.0] AndroidManifest.xml:43:13-43
286            android:exported="false" >
286-->[com.google.firebase:firebase-messaging:22.0.0] AndroidManifest.xml:44:13-37
287            <intent-filter android:priority="-500" >
287-->[:firebase_messaging] AndroidManifest.xml:19:13-21:29
288                <action android:name="com.google.firebase.MESSAGING_EVENT" />
288-->[:firebase_messaging] AndroidManifest.xml:20:17-78
288-->[:firebase_messaging] AndroidManifest.xml:20:25-75
289            </intent-filter>
290        </service> <!-- Needs to be explicitly declared on P+ -->
291        <uses-library
291-->[com.google.android.gms:play-services-maps:17.0.0] AndroidManifest.xml:33:9-35:40
292            android:name="org.apache.http.legacy"
292-->[com.google.android.gms:play-services-maps:17.0.0] AndroidManifest.xml:34:13-50
293            android:required="false" />
293-->[com.google.android.gms:play-services-maps:17.0.0] AndroidManifest.xml:35:13-37
294
295        <activity
295-->[com.google.android.gms:play-services-base:17.1.0] AndroidManifest.xml:23:9-26:75
296            android:name="com.google.android.gms.common.api.GoogleApiActivity"
296-->[com.google.android.gms:play-services-base:17.1.0] AndroidManifest.xml:24:13-79
297            android:exported="false"
297-->[com.google.android.gms:play-services-base:17.1.0] AndroidManifest.xml:25:13-37
298            android:theme="@android:style/Theme.Translucent.NoTitleBar" />
298-->[com.google.android.gms:play-services-base:17.1.0] AndroidManifest.xml:26:13-72
299
300        <provider
300-->[com.google.firebase:firebase-common:20.0.0] AndroidManifest.xml:26:9-31:39
301            android:name="com.google.firebase.provider.FirebaseInitProvider"
301-->[com.google.firebase:firebase-common:20.0.0] AndroidManifest.xml:27:13-77
302            android:authorities="com.jcndev.delivery.app.firebaseinitprovider"
302-->[com.google.firebase:firebase-common:20.0.0] AndroidManifest.xml:28:13-72
303            android:directBootAware="true"
303-->[com.google.firebase:firebase-common:20.0.0] AndroidManifest.xml:29:13-43
304            android:exported="false"
304-->[com.google.firebase:firebase-common:20.0.0] AndroidManifest.xml:30:13-37
305            android:initOrder="100" />
305-->[com.google.firebase:firebase-common:20.0.0] AndroidManifest.xml:31:13-36
306
307        <meta-data
307-->[com.google.android.gms:play-services-basement:17.1.0] AndroidManifest.xml:23:9-25:69